library/build/intermediates/manifest_merge_blame_file/release/manifest-merger-blame-release-report.txt
1<?xml version="1.0" encoding="utf-8"?>
2<manifest xmlns:android="http://schemas.android.com/apk/res/android"
3    package="com.tiffinia.library"
4    android:versionCode="1"
5    android:versionName="1.0" >
6
7    <uses-sdk
8        android:minSdkVersion="21"
8-->src\main\AndroidManifest.xml
9        android:targetSdkVersion="28" />
9-->src\main\AndroidManifest.xml
10
11    <uses-permission android:name="android.permission.ACCESS_FINE_LOCATION" />
11-->src\main\AndroidManifest.xml:18:5-79
11-->src\main\AndroidManifest.xml:18:22-76
12    <uses-permission android:name="android.permission.ACCESS_COARSE_LOCATION" />
12-->src\main\AndroidManifest.xml:19:5-81
12-->src\main\AndroidManifest.xml:19:22-78
13    <uses-permission android:name="android.permission.INTERNET" />
13-->src\main\AndroidManifest.xml:21:5-67
13-->src\main\AndroidManifest.xml:21:22-64
14
15    <application android:theme="@style/AppTheme" >
15-->src\main\AndroidManifest.xml:5:5-17:19
15-->src\main\AndroidManifest.xml:5:18-49
16        <activity android:name="com.tiffinia.library.activities.ImagePickerActivity" />
16-->src\main\AndroidManifest.xml:6:9-77
16-->src\main\AndroidManifest.xml:6:19-65
17        <activity
17-->src\main\AndroidManifest.xml:7:9-9:52
18            android:name="com.tiffinia.library.activities.AddressActivity"
18-->src\main\AndroidManifest.xml:8:13-55
19            android:screenOrientation="portrait" />
19-->src\main\AndroidManifest.xml:9:13-49
20        <activity
20-->src\main\AndroidManifest.xml:10:9-12:52
21            android:name="com.tiffinia.library.activities.LocationActivity"
21-->src\main\AndroidManifest.xml:11:13-56
22            android:screenOrientation="portrait" />
22-->src\main\AndroidManifest.xml:12:13-49
23
24        <meta-data
24-->src\main\AndroidManifest.xml:14:9-16:55
25            android:name="com.google.android.geo.API_KEY"
25-->src\main\AndroidManifest.xml:15:13-58
26            android:value="@string/google_maps_key" />
26-->src\main\AndroidManifest.xml:16:13-52
27    </application>
28
29</manifest>